2023-04-16 14:58:15,911 INFO [main] h.j.v.g.Glavna [Glavna.java:18] Pokrenut je program
2023-04-16 18:08:23,598 INFO [main] h.j.v.g.Glavna [Glavna.java:20] Pokrenut je program
2023-04-16 18:10:21,937 INFO [main] h.j.v.g.Glavna [Glavna.java:20] Pokrenut je program
2023-04-16 18:14:28,715 INFO [main] h.j.v.g.Glavna [Glavna.java:20] Pokrenut je program
2023-04-16 18:21:31,965 INFO [main] h.j.v.g.Glavna [Glavna.java:20] Pokrenut je program
2023-04-16 18:25:46,483 INFO [main] h.j.v.g.Glavna [Glavna.java:20] Pokrenut je program
2023-04-16 18:27:20,327 INFO [main] h.j.v.g.Glavna [Glavna.java:20] Pokrenut je program
2023-04-16 18:28:11,128 INFO [main] h.j.v.g.Glavna [Glavna.java:20] Pokrenut je program
2023-04-16 19:34:07,774 INFO [main] h.j.v.g.Glavna [Glavna.java:20] Pokrenut je program
2023-04-16 19:37:19,639 INFO [main] h.j.v.g.Glavna [Glavna.java:20] Pokrenut je program
2023-04-16 19:53:13,534 INFO [main] h.j.v.g.Glavna [Glavna.java:20] Pokrenut je program
2023-04-16 20:00:03,787 INFO [main] h.j.v.g.Glavna [Glavna.java:20] Pokrenut je program
2023-04-16 20:01:49,798 INFO [main] h.j.v.g.Glavna [Glavna.java:20] Pokrenut je program
2023-04-16 20:08:16,623 INFO [main] h.j.v.g.Glavna [Glavna.java:20] Pokrenut je program
2023-04-16 20:18:14,860 INFO [main] h.j.v.g.Glavna [Glavna.java:20] Pokrenut je program
2023-04-17 10:38:25,919 INFO [main] h.j.v.g.Glavna [Glavna.java:21] Pokrenut je program
2023-04-17 10:39:04,451 INFO [main] h.j.v.g.Glavna [Glavna.java:21] Pokrenut je program
2023-04-17 10:39:21,884 INFO [main] h.j.v.g.Glavna [Glavna.java:21] Pokrenut je program
2023-04-17 10:39:40,592 INFO [main] h.j.v.g.Glavna [Glavna.java:21] Pokrenut je program
2023-04-17 11:22:14,595 INFO [main] h.j.v.g.Glavna [Glavna.java:21] Pokrenut je program
2023-04-17 11:22:45,516 INFO [main] h.j.v.g.Glavna [Glavna.java:21] Pokrenut je program
2023-04-17 11:25:30,697 INFO [main] h.j.v.g.Glavna [Glavna.java:21] Pokrenut je program
2023-04-17 11:28:30,518 INFO [main] h.j.v.g.Glavna [Glavna.java:21] Pokrenut je program
2023-04-17 11:37:40,652 INFO [main] h.j.v.g.Glavna [Glavna.java:21] Pokrenut je program
2023-04-17 12:52:20,869 INFO [main] h.j.v.g.Glavna [Glavna.java:21] Pokrenut je program
2023-04-17 12:57:07,885 INFO [main] h.j.v.g.Glavna [Glavna.java:21] Pokrenut je program
2023-04-17 13:05:50,117 INFO [main] h.j.v.g.Glavna [Glavna.java:21] Pokrenut je program
2023-04-17 13:13:15,828 INFO [main] h.j.v.g.Glavna [Glavna.java:21] Pokrenut je program
2023-04-17 13:29:51,104 INFO [main] h.j.v.g.Glavna [Glavna.java:21] Pokrenut je program
2023-04-17 13:30:51,398 INFO [main] h.j.v.g.Glavna [Glavna.java:21] Pokrenut je program
2023-04-17 13:37:59,313 INFO [main] h.j.v.g.Glavna [Glavna.java:21] Pokrenut je program
2023-04-17 13:39:16,162 INFO [main] h.j.v.g.Glavna [Glavna.java:21] Pokrenut je program
2023-04-17 14:20:32,714 INFO [main] h.j.v.g.Glavna [Glavna.java:21] Pokrenut je program
2023-04-17 14:21:15,821 INFO [main] h.j.v.g.Glavna [Glavna.java:21] Pokrenut je program
2023-04-17 14:22:06,571 INFO [main] h.j.v.g.Glavna [Glavna.java:21] Pokrenut je program
2023-04-17 14:24:51,366 INFO [main] h.j.v.g.Glavna [Glavna.java:21] Pokrenut je program
2023-04-17 15:04:45,246 INFO [main] h.j.v.g.Glavna [Glavna.java:21] Pokrenut je program
2023-04-17 15:42:51,216 INFO [main] h.j.v.g.Glavna [Glavna.java:21] Pokrenut je program
2023-04-17 15:58:05,470 INFO [main] h.j.v.g.Glavna [Glavna.java:21] Pokrenut je program
2023-04-17 16:07:48,361 INFO [main] h.j.v.g.Glavna [Glavna.java:21] Pokrenut je program
2023-04-17 16:11:14,228 INFO [main] h.j.v.g.Glavna [Glavna.java:21] Pokrenut je program
2023-04-17 16:16:29,820 INFO [main] h.j.v.g.Glavna [Glavna.java:21] Pokrenut je program
2023-04-17 16:35:51,681 INFO [main] h.j.v.g.Glavna [Glavna.java:21] Pokrenut je program
2023-04-17 16:37:08,753 INFO [main] h.j.v.g.Glavna [Glavna.java:21] Pokrenut je program
2023-04-17 16:41:24,236 INFO [main] h.j.v.g.Glavna [Glavna.java:21] Pokrenut je program
2023-04-17 16:41:34,599 INFO [main] h.j.v.g.Glavna [Glavna.java:21] Pokrenut je program
2023-04-17 16:43:47,902 INFO [main] h.j.v.g.Glavna [Glavna.java:21] Pokrenut je program
2023-04-18 10:40:36,345 INFO [main] h.j.v.g.Glavna [Glavna.java:21] Pokrenut je program
2023-04-18 10:40:36,364 INFO [main] h.j.v.g.Glavna [Glavna.java:65] Unos broj korisnika.
2023-04-18 10:40:39,134 ERROR [main] h.j.v.g.Glavna [Glavna.java:83] Pogreška u unosu kod korisnika
2023-04-18 10:40:49,376 INFO [main] h.j.v.g.Glavna [Glavna.java:339] Unos kategorije
2023-04-18 10:41:34,082 INFO [main] h.j.v.g.Glavna [Glavna.java:21] Pokrenut je program
2023-04-18 10:41:34,102 INFO [main] h.j.v.g.Glavna [Glavna.java:65] Unos broj korisnika.
2023-04-18 10:41:39,177 INFO [main] h.j.v.g.Glavna [Glavna.java:90] Unos tipa korisnika
2023-04-18 10:41:41,317 INFO [main] h.j.v.g.Glavna [Glavna.java:151] Unos privatnog korisnika.
2023-04-18 10:41:47,538 INFO [main] h.j.v.g.Glavna [Glavna.java:90] Unos tipa korisnika
2023-04-18 10:41:49,402 INFO [main] h.j.v.g.Glavna [Glavna.java:169] Unos poslovnog korisnika.
2023-04-18 10:42:24,995 ERROR [main] h.j.v.g.Glavna [Glavna.java:34] Pogreška u unosu kod kategorija
2023-04-18 10:42:29,514 INFO [main] h.j.v.g.Glavna [Glavna.java:21] Pokrenut je program
2023-04-18 10:42:29,534 INFO [main] h.j.v.g.Glavna [Glavna.java:65] Unos broj korisnika.
2023-04-18 10:42:32,142 INFO [main] h.j.v.g.Glavna [Glavna.java:90] Unos tipa korisnika
2023-04-18 10:42:46,632 INFO [main] h.j.v.g.Glavna [Glavna.java:151] Unos privatnog korisnika.
2023-04-18 10:42:54,718 INFO [main] h.j.v.g.Glavna [Glavna.java:90] Unos tipa korisnika
2023-04-18 10:44:00,779 INFO [main] h.j.v.g.Glavna [Glavna.java:169] Unos poslovnog korisnika.
2023-04-18 10:44:17,673 INFO [main] h.j.v.g.Glavna [Glavna.java:339] Unos kategorije
2023-04-18 10:44:26,363 INFO [main] h.j.v.g.Glavna [Glavna.java:225] Unos automobila.
2023-04-18 10:44:41,734 INFO [main] h.j.v.g.Glavna [Glavna.java:339] Unos kategorije
2023-04-18 10:45:13,155 INFO [main] h.j.v.g.Glavna [Glavna.java:284] Unos stana
2023-04-18 10:46:03,625 INFO [main] h.j.v.g.Glavna [Glavna.java:61] Program je završio.
2023-04-19 18:13:19,653 INFO [main] h.j.v.g.Glavna [Glavna.java:22] Pokrenut je program
2023-04-19 18:13:19,677 INFO [main] h.j.v.g.Glavna [Glavna.java:67] Unos broj korisnika.
2023-04-19 18:13:22,547 INFO [main] h.j.v.g.Glavna [Glavna.java:92] Unos tipa korisnika
2023-04-19 18:13:23,545 INFO [main] h.j.v.g.Glavna [Glavna.java:153] Unos privatnog korisnika.
2023-04-19 18:13:32,165 INFO [main] h.j.v.g.Glavna [Glavna.java:351] Unos kategorije
2023-04-19 18:13:50,963 INFO [main] h.j.v.g.Glavna [Glavna.java:188] Unos usluge.
2023-04-19 18:14:13,209 INFO [main] h.j.v.g.Glavna [Glavna.java:62] Program je završio.
2023-04-19 18:14:57,613 INFO [main] h.j.v.g.Glavna [Glavna.java:22] Pokrenut je program
2023-04-19 18:14:57,632 INFO [main] h.j.v.g.Glavna [Glavna.java:68] Unos broj korisnika.
2023-04-19 18:15:02,456 INFO [main] h.j.v.g.Glavna [Glavna.java:93] Unos tipa korisnika
2023-04-19 18:15:03,580 INFO [main] h.j.v.g.Glavna [Glavna.java:154] Unos privatnog korisnika.
2023-04-19 18:15:12,044 INFO [main] h.j.v.g.Glavna [Glavna.java:352] Unos kategorije
2023-04-19 18:15:18,698 INFO [main] h.j.v.g.Glavna [Glavna.java:189] Unos usluge.
2023-04-19 18:16:23,884 INFO [main] h.j.v.g.Glavna [Glavna.java:63] Program je završio.
2023-04-19 18:19:00,610 INFO [main] h.j.v.g.Glavna [Glavna.java:22] Pokrenut je program
2023-04-19 18:19:00,631 INFO [main] h.j.v.g.Glavna [Glavna.java:68] Unos broj korisnika.
2023-04-19 18:19:02,755 INFO [main] h.j.v.g.Glavna [Glavna.java:93] Unos tipa korisnika
2023-04-19 18:19:04,890 INFO [main] h.j.v.g.Glavna [Glavna.java:172] Unos poslovnog korisnika.
2023-04-19 18:19:17,834 INFO [main] h.j.v.g.Glavna [Glavna.java:352] Unos kategorije
2023-04-19 18:19:25,216 INFO [main] h.j.v.g.Glavna [Glavna.java:233] Unos automobila.
2023-04-19 18:19:46,493 INFO [main] h.j.v.g.Glavna [Glavna.java:63] Program je završio.
2023-04-19 18:19:56,665 INFO [main] h.j.v.g.Glavna [Glavna.java:22] Pokrenut je program
2023-04-19 18:19:56,687 INFO [main] h.j.v.g.Glavna [Glavna.java:68] Unos broj korisnika.
2023-04-19 18:19:58,057 INFO [main] h.j.v.g.Glavna [Glavna.java:93] Unos tipa korisnika
2023-04-19 18:19:59,749 INFO [main] h.j.v.g.Glavna [Glavna.java:154] Unos privatnog korisnika.
2023-04-19 18:20:21,009 INFO [main] h.j.v.g.Glavna [Glavna.java:352] Unos kategorije
2023-04-19 18:20:34,104 INFO [main] h.j.v.g.Glavna [Glavna.java:294] Unos stana
2023-04-19 18:21:40,029 INFO [main] h.j.v.g.Glavna [Glavna.java:22] Pokrenut je program
2023-04-19 18:21:40,049 INFO [main] h.j.v.g.Glavna [Glavna.java:68] Unos broj korisnika.
2023-04-19 18:21:41,800 INFO [main] h.j.v.g.Glavna [Glavna.java:93] Unos tipa korisnika
2023-04-19 18:21:42,443 INFO [main] h.j.v.g.Glavna [Glavna.java:154] Unos privatnog korisnika.
2023-04-19 18:21:48,885 INFO [main] h.j.v.g.Glavna [Glavna.java:352] Unos kategorije
2023-04-19 18:21:55,242 INFO [main] h.j.v.g.Glavna [Glavna.java:294] Unos stana
2023-04-19 18:22:19,108 INFO [main] h.j.v.g.Glavna [Glavna.java:63] Program je završio.
2023-04-19 18:32:47,103 INFO [main] h.j.v.g.Glavna [Glavna.java:22] Pokrenut je program
2023-04-19 18:32:47,123 INFO [main] h.j.v.g.Glavna [Glavna.java:68] Unos broj korisnika.
2023-04-19 18:32:51,407 INFO [main] h.j.v.g.Glavna [Glavna.java:93] Unos tipa korisnika
2023-04-19 18:32:52,446 INFO [main] h.j.v.g.Glavna [Glavna.java:154] Unos privatnog korisnika.
2023-04-19 18:32:59,489 INFO [main] h.j.v.g.Glavna [Glavna.java:374] Unos kategorije
2023-04-19 18:33:08,684 INFO [main] h.j.v.g.Glavna [Glavna.java:211] Unos usluge.
2023-04-19 18:33:20,783 INFO [main] h.j.v.g.Glavna [Glavna.java:63] Program je završio.
2023-04-20 12:39:37,347 INFO [main] h.j.v.g.Glavna [Glavna.java:21] Pokrenut je program
2023-04-20 12:39:41,388 INFO [main] h.j.v.g.Glavna [Glavna.java:376] Unos kategorije
2023-04-20 12:40:22,234 INFO [main] h.j.v.g.Glavna [Glavna.java:213] Unos usluge.
2023-04-20 12:43:21,403 INFO [main] h.j.v.g.Glavna [Glavna.java:21] Pokrenut je program
2023-04-20 12:43:21,424 INFO [main] h.j.v.g.Glavna [Glavna.java:71] Unos broj korisnika.
2023-04-20 12:43:23,667 INFO [main] h.j.v.g.Glavna [Glavna.java:96] Unos tipa korisnika
2023-04-20 12:43:24,543 INFO [main] h.j.v.g.Glavna [Glavna.java:157] Unos privatnog korisnika.
2023-04-20 12:43:30,543 INFO [main] h.j.v.g.Glavna [Glavna.java:96] Unos tipa korisnika
2023-04-20 12:43:32,488 INFO [main] h.j.v.g.Glavna [Glavna.java:175] Unos poslovnog korisnika.
2023-04-20 12:43:46,388 INFO [main] h.j.v.g.Glavna [Glavna.java:377] Unos kategorije
2023-04-20 12:43:52,192 INFO [main] h.j.v.g.Glavna [Glavna.java:214] Unos usluge.
2023-04-20 12:44:04,257 INFO [main] h.j.v.g.Glavna [Glavna.java:377] Unos kategorije
2023-04-20 12:44:47,373 INFO [main] h.j.v.g.Glavna [Glavna.java:21] Pokrenut je program
2023-04-20 12:44:47,396 INFO [main] h.j.v.g.Glavna [Glavna.java:71] Unos broj korisnika.
2023-04-20 12:44:49,204 INFO [main] h.j.v.g.Glavna [Glavna.java:21] Pokrenut je program
2023-04-20 12:44:49,222 INFO [main] h.j.v.g.Glavna [Glavna.java:71] Unos broj korisnika.
2023-04-20 12:44:51,232 INFO [main] h.j.v.g.Glavna [Glavna.java:96] Unos tipa korisnika
2023-04-20 12:44:51,950 INFO [main] h.j.v.g.Glavna [Glavna.java:157] Unos privatnog korisnika.
2023-04-20 12:44:59,283 INFO [main] h.j.v.g.Glavna [Glavna.java:96] Unos tipa korisnika
2023-04-20 12:45:01,004 INFO [main] h.j.v.g.Glavna [Glavna.java:175] Unos poslovnog korisnika.
2023-04-20 12:45:15,029 INFO [main] h.j.v.g.Glavna [Glavna.java:378] Unos kategorije
2023-04-20 12:45:19,512 INFO [main] h.j.v.g.Glavna [Glavna.java:214] Unos usluge.
2023-04-20 12:45:29,089 INFO [main] h.j.v.g.Glavna [Glavna.java:378] Unos kategorije
2023-04-20 12:45:54,488 INFO [main] h.j.v.g.Glavna [Glavna.java:259] Unos automobila.
2023-04-20 12:53:13,671 INFO [main] h.j.v.g.Glavna [Glavna.java:21] Pokrenut je program
2023-04-20 12:53:13,691 INFO [main] h.j.v.g.Glavna [Glavna.java:71] Unos broj korisnika.
2023-04-20 12:53:17,335 INFO [main] h.j.v.g.Glavna [Glavna.java:96] Unos tipa korisnika
2023-04-20 12:53:18,473 INFO [main] h.j.v.g.Glavna [Glavna.java:157] Unos privatnog korisnika.
2023-04-20 12:53:26,900 INFO [main] h.j.v.g.Glavna [Glavna.java:96] Unos tipa korisnika
2023-04-20 12:53:28,073 INFO [main] h.j.v.g.Glavna [Glavna.java:175] Unos poslovnog korisnika.
2023-04-20 12:53:40,790 INFO [main] h.j.v.g.Glavna [Glavna.java:378] Unos kategorije
2023-04-20 12:53:46,874 INFO [main] h.j.v.g.Glavna [Glavna.java:214] Unos usluge.
2023-04-20 12:53:59,146 INFO [main] h.j.v.g.Glavna [Glavna.java:378] Unos kategorije
2023-04-20 12:54:06,080 INFO [main] h.j.v.g.Glavna [Glavna.java:259] Unos automobila.
2023-04-20 13:07:27,818 INFO [main] h.j.v.g.Glavna [Glavna.java:21] Pokrenut je program
2023-04-20 13:07:27,837 INFO [main] h.j.v.g.Glavna [Glavna.java:74] Unos broj korisnika.
2023-04-20 13:07:33,658 INFO [main] h.j.v.g.Glavna [Glavna.java:99] Unos tipa korisnika
2023-04-20 13:07:34,408 INFO [main] h.j.v.g.Glavna [Glavna.java:160] Unos privatnog korisnika.
2023-04-20 13:07:44,693 INFO [main] h.j.v.g.Glavna [Glavna.java:381] Unos kategorije
2023-04-20 13:07:51,906 INFO [main] h.j.v.g.Glavna [Glavna.java:217] Unos usluge.
2023-04-20 13:11:01,572 INFO [main] h.j.v.g.Glavna [Glavna.java:21] Pokrenut je program
2023-04-20 13:11:01,592 INFO [main] h.j.v.g.Glavna [Glavna.java:74] Unos broj korisnika.
2023-04-20 13:11:04,804 INFO [main] h.j.v.g.Glavna [Glavna.java:99] Unos tipa korisnika
2023-04-20 13:11:05,399 INFO [main] h.j.v.g.Glavna [Glavna.java:160] Unos privatnog korisnika.
2023-04-20 13:11:13,824 INFO [main] h.j.v.g.Glavna [Glavna.java:381] Unos kategorije
2023-04-20 13:11:44,437 INFO [main] h.j.v.g.Glavna [Glavna.java:217] Unos usluge.
2023-04-21 10:23:21,054 INFO [main] h.j.v.g.Glavna [Glavna.java:22] Pokrenut je program
2023-04-21 10:27:05,966 INFO [main] h.j.v.g.Glavna [Glavna.java:22] Pokrenut je program
2023-04-21 10:30:25,565 INFO [main] h.j.v.g.Glavna [Glavna.java:22] Pokrenut je program
2023-04-21 10:30:25,591 INFO [main] h.j.v.g.Glavna [Glavna.java:39] Unos broj korisnika.
2023-04-21 10:30:28,503 INFO [main] h.j.v.g.Glavna [Glavna.java:468] Unos kategorije
2023-04-21 10:30:55,435 INFO [main] h.j.v.g.Glavna [Glavna.java:22] Pokrenut je program
2023-04-21 10:30:55,454 INFO [main] h.j.v.g.Glavna [Glavna.java:39] Unos broj korisnika.
2023-04-21 10:30:57,384 INFO [main] h.j.v.g.Glavna [Glavna.java:22] Pokrenut je program
2023-04-21 10:30:57,403 INFO [main] h.j.v.g.Glavna [Glavna.java:39] Unos broj korisnika.
2023-04-21 10:31:00,205 INFO [main] h.j.v.g.Glavna [Glavna.java:469] Unos kategorije
2023-04-21 10:31:31,789 INFO [main] h.j.v.g.Glavna [Glavna.java:22] Pokrenut je program
2023-04-21 10:31:31,807 INFO [main] h.j.v.g.Glavna [Glavna.java:39] Unos broj korisnika.
2023-04-21 10:31:52,080 INFO [main] h.j.v.g.Glavna [Glavna.java:22] Pokrenut je program
2023-04-21 10:31:52,102 INFO [main] h.j.v.g.Glavna [Glavna.java:39] Unos broj korisnika.
2023-04-21 10:32:00,947 INFO [main] h.j.v.g.Glavna [Glavna.java:470] Unos kategorije
2023-04-21 10:33:08,622 INFO [main] h.j.v.g.Glavna [Glavna.java:22] Pokrenut je program
2023-04-21 10:33:08,641 INFO [main] h.j.v.g.Glavna [Glavna.java:39] Unos broj korisnika.
2023-04-21 10:33:10,437 INFO [main] h.j.v.g.Glavna [Glavna.java:22] Pokrenut je program
2023-04-21 10:33:10,454 INFO [main] h.j.v.g.Glavna [Glavna.java:39] Unos broj korisnika.
2023-04-21 10:33:33,529 INFO [main] h.j.v.g.Glavna [Glavna.java:470] Unos kategorije
2023-04-21 11:13:50,604 INFO [main] h.j.v.g.Glavna [Glavna.java:22] Pokrenut je program
2023-04-21 11:13:50,615 INFO [main] h.j.v.g.Glavna [Glavna.java:39] Unos broj korisnika.
2023-04-21 11:14:02,115 INFO [main] h.j.v.g.Glavna [Glavna.java:470] Unos kategorije
2023-04-21 11:17:39,342 INFO [main] h.j.v.g.Glavna [Glavna.java:22] Pokrenut je program
2023-04-21 11:17:39,360 INFO [main] h.j.v.g.Glavna [Glavna.java:39] Unos broj korisnika.
2023-04-21 11:17:48,295 INFO [main] h.j.v.g.Glavna [Glavna.java:470] Unos kategorije
2023-04-21 11:21:31,606 INFO [main] h.j.v.g.Glavna [Glavna.java:22] Pokrenut je program
2023-04-21 11:21:31,626 INFO [main] h.j.v.g.Glavna [Glavna.java:39] Unos broj korisnika.
2023-04-21 11:21:40,873 INFO [main] h.j.v.g.Glavna [Glavna.java:470] Unos kategorije
2023-04-21 11:29:15,278 INFO [main] h.j.v.g.Glavna [Glavna.java:20] Pokrenut je program
2023-04-21 11:29:15,299 INFO [main] h.j.v.g.Glavna [Glavna.java:37] Unos broj korisnika.
2023-04-21 11:29:26,387 INFO [main] h.j.v.g.Glavna [Glavna.java:229] Unos kategorije
2023-04-21 11:30:29,486 INFO [main] h.j.v.g.Glavna [Glavna.java:20] Pokrenut je program
2023-04-21 11:30:29,513 INFO [main] h.j.v.g.Glavna [Glavna.java:37] Unos broj korisnika.
2023-04-21 11:30:41,057 INFO [main] h.j.v.g.Glavna [Glavna.java:229] Unos kategorije
2023-04-21 11:38:41,504 INFO [main] h.j.v.g.Glavna [Glavna.java:20] Pokrenut je program
2023-04-21 11:38:41,526 INFO [main] h.j.v.g.Glavna [Glavna.java:37] Unos broj korisnika.
2023-04-21 11:38:49,883 INFO [main] h.j.v.g.Glavna [Glavna.java:81] Unos kategorije
2023-04-21 11:42:08,943 INFO [main] h.j.v.g.Glavna [Glavna.java:20] Pokrenut je program
2023-04-21 11:42:08,965 INFO [main] h.j.v.g.Glavna [Glavna.java:37] Unos broj korisnika.
2023-04-21 11:42:16,519 INFO [main] h.j.v.g.Glavna [Glavna.java:81] Unos kategorije
2023-04-21 11:44:08,909 INFO [main] h.j.v.g.Glavna [Glavna.java:20] Pokrenut je program
2023-04-21 11:44:08,927 INFO [main] h.j.v.g.Glavna [Glavna.java:37] Unos broj korisnika.
