2023-04-16 14:58:15,911 INFO [main] h.j.v.g.Glavna [Glavna.java:18] Pokrenut je program
2023-04-16 18:08:23,598 INFO [main] h.j.v.g.Glavna [Glavna.java:20] Pokrenut je program
2023-04-16 18:10:21,937 INFO [main] h.j.v.g.Glavna [Glavna.java:20] Pokrenut je program
2023-04-16 18:14:28,715 INFO [main] h.j.v.g.Glavna [Glavna.java:20] Pokrenut je program
2023-04-16 18:21:31,965 INFO [main] h.j.v.g.Glavna [Glavna.java:20] Pokrenut je program
2023-04-16 18:25:46,483 INFO [main] h.j.v.g.Glavna [Glavna.java:20] Pokrenut je program
2023-04-16 18:27:20,327 INFO [main] h.j.v.g.Glavna [Glavna.java:20] Pokrenut je program
2023-04-16 18:28:11,128 INFO [main] h.j.v.g.Glavna [Glavna.java:20] Pokrenut je program
2023-04-16 19:34:07,774 INFO [main] h.j.v.g.Glavna [Glavna.java:20] Pokrenut je program
2023-04-16 19:37:19,639 INFO [main] h.j.v.g.Glavna [Glavna.java:20] Pokrenut je program
2023-04-16 19:53:13,534 INFO [main] h.j.v.g.Glavna [Glavna.java:20] Pokrenut je program
2023-04-16 20:00:03,787 INFO [main] h.j.v.g.Glavna [Glavna.java:20] Pokrenut je program
2023-04-16 20:01:49,798 INFO [main] h.j.v.g.Glavna [Glavna.java:20] Pokrenut je program
2023-04-16 20:08:16,623 INFO [main] h.j.v.g.Glavna [Glavna.java:20] Pokrenut je program
2023-04-16 20:18:14,860 INFO [main] h.j.v.g.Glavna [Glavna.java:20] Pokrenut je program
2023-04-17 10:38:25,919 INFO [main] h.j.v.g.Glavna [Glavna.java:21] Pokrenut je program
2023-04-17 10:39:04,451 INFO [main] h.j.v.g.Glavna [Glavna.java:21] Pokrenut je program
2023-04-17 10:39:21,884 INFO [main] h.j.v.g.Glavna [Glavna.java:21] Pokrenut je program
2023-04-17 10:39:40,592 INFO [main] h.j.v.g.Glavna [Glavna.java:21] Pokrenut je program
2023-04-17 11:22:14,595 INFO [main] h.j.v.g.Glavna [Glavna.java:21] Pokrenut je program
2023-04-17 11:22:45,516 INFO [main] h.j.v.g.Glavna [Glavna.java:21] Pokrenut je program
2023-04-17 11:25:30,697 INFO [main] h.j.v.g.Glavna [Glavna.java:21] Pokrenut je program
2023-04-17 11:28:30,518 INFO [main] h.j.v.g.Glavna [Glavna.java:21] Pokrenut je program
2023-04-17 11:37:40,652 INFO [main] h.j.v.g.Glavna [Glavna.java:21] Pokrenut je program
2023-04-17 12:52:20,869 INFO [main] h.j.v.g.Glavna [Glavna.java:21] Pokrenut je program
2023-04-17 12:57:07,885 INFO [main] h.j.v.g.Glavna [Glavna.java:21] Pokrenut je program
2023-04-17 13:05:50,117 INFO [main] h.j.v.g.Glavna [Glavna.java:21] Pokrenut je program
2023-04-17 13:13:15,828 INFO [main] h.j.v.g.Glavna [Glavna.java:21] Pokrenut je program
2023-04-17 13:29:51,104 INFO [main] h.j.v.g.Glavna [Glavna.java:21] Pokrenut je program
2023-04-17 13:30:51,398 INFO [main] h.j.v.g.Glavna [Glavna.java:21] Pokrenut je program
2023-04-17 13:37:59,313 INFO [main] h.j.v.g.Glavna [Glavna.java:21] Pokrenut je program
2023-04-17 13:39:16,162 INFO [main] h.j.v.g.Glavna [Glavna.java:21] Pokrenut je program
2023-04-17 14:20:32,714 INFO [main] h.j.v.g.Glavna [Glavna.java:21] Pokrenut je program
2023-04-17 14:21:15,821 INFO [main] h.j.v.g.Glavna [Glavna.java:21] Pokrenut je program
2023-04-17 14:22:06,571 INFO [main] h.j.v.g.Glavna [Glavna.java:21] Pokrenut je program
2023-04-17 14:24:51,366 INFO [main] h.j.v.g.Glavna [Glavna.java:21] Pokrenut je program
2023-04-17 15:04:45,246 INFO [main] h.j.v.g.Glavna [Glavna.java:21] Pokrenut je program
2023-04-17 15:42:51,216 INFO [main] h.j.v.g.Glavna [Glavna.java:21] Pokrenut je program
2023-04-17 15:58:05,470 INFO [main] h.j.v.g.Glavna [Glavna.java:21] Pokrenut je program
2023-04-17 16:07:48,361 INFO [main] h.j.v.g.Glavna [Glavna.java:21] Pokrenut je program
2023-04-17 16:11:14,228 INFO [main] h.j.v.g.Glavna [Glavna.java:21] Pokrenut je program
2023-04-17 16:16:29,820 INFO [main] h.j.v.g.Glavna [Glavna.java:21] Pokrenut je program
2023-04-17 16:35:51,681 INFO [main] h.j.v.g.Glavna [Glavna.java:21] Pokrenut je program
2023-04-17 16:37:08,753 INFO [main] h.j.v.g.Glavna [Glavna.java:21] Pokrenut je program
2023-04-17 16:41:24,236 INFO [main] h.j.v.g.Glavna [Glavna.java:21] Pokrenut je program
2023-04-17 16:41:34,599 INFO [main] h.j.v.g.Glavna [Glavna.java:21] Pokrenut je program
2023-04-17 16:43:47,902 INFO [main] h.j.v.g.Glavna [Glavna.java:21] Pokrenut je program
2023-04-18 10:40:36,345 INFO [main] h.j.v.g.Glavna [Glavna.java:21] Pokrenut je program
2023-04-18 10:40:36,364 INFO [main] h.j.v.g.Glavna [Glavna.java:65] Unos broj korisnika.
2023-04-18 10:40:39,134 ERROR [main] h.j.v.g.Glavna [Glavna.java:83] Pogreška u unosu kod korisnika
2023-04-18 10:40:49,376 INFO [main] h.j.v.g.Glavna [Glavna.java:339] Unos kategorije
2023-04-18 10:41:34,082 INFO [main] h.j.v.g.Glavna [Glavna.java:21] Pokrenut je program
2023-04-18 10:41:34,102 INFO [main] h.j.v.g.Glavna [Glavna.java:65] Unos broj korisnika.
2023-04-18 10:41:39,177 INFO [main] h.j.v.g.Glavna [Glavna.java:90] Unos tipa korisnika
2023-04-18 10:41:41,317 INFO [main] h.j.v.g.Glavna [Glavna.java:151] Unos privatnog korisnika.
2023-04-18 10:41:47,538 INFO [main] h.j.v.g.Glavna [Glavna.java:90] Unos tipa korisnika
2023-04-18 10:41:49,402 INFO [main] h.j.v.g.Glavna [Glavna.java:169] Unos poslovnog korisnika.
2023-04-18 10:42:24,995 ERROR [main] h.j.v.g.Glavna [Glavna.java:34] Pogreška u unosu kod kategorija
2023-04-18 10:42:29,514 INFO [main] h.j.v.g.Glavna [Glavna.java:21] Pokrenut je program
2023-04-18 10:42:29,534 INFO [main] h.j.v.g.Glavna [Glavna.java:65] Unos broj korisnika.
2023-04-18 10:42:32,142 INFO [main] h.j.v.g.Glavna [Glavna.java:90] Unos tipa korisnika
2023-04-18 10:42:46,632 INFO [main] h.j.v.g.Glavna [Glavna.java:151] Unos privatnog korisnika.
2023-04-18 10:42:54,718 INFO [main] h.j.v.g.Glavna [Glavna.java:90] Unos tipa korisnika
2023-04-18 10:44:00,779 INFO [main] h.j.v.g.Glavna [Glavna.java:169] Unos poslovnog korisnika.
2023-04-18 10:44:17,673 INFO [main] h.j.v.g.Glavna [Glavna.java:339] Unos kategorije
2023-04-18 10:44:26,363 INFO [main] h.j.v.g.Glavna [Glavna.java:225] Unos automobila.
2023-04-18 10:44:41,734 INFO [main] h.j.v.g.Glavna [Glavna.java:339] Unos kategorije
2023-04-18 10:45:13,155 INFO [main] h.j.v.g.Glavna [Glavna.java:284] Unos stana
2023-04-18 10:46:03,625 INFO [main] h.j.v.g.Glavna [Glavna.java:61] Program je završio.
